[debug] [2022-12-23T11:31:53.183Z] ----------------------------------------------------------------------
[debug] [2022-12-23T11:31:53.185Z] Command:       C:\Program Files\nodejs\node.exe C:\Users\HP\AppData\Roaming\npm\node_modules\firebase-tools\lib\bin\firebase.js init hosting
[debug] [2022-12-23T11:31:53.186Z] CLI Version:   11.19.0
[debug] [2022-12-23T11:31:53.186Z] Platform:      win32
[debug] [2022-12-23T11:31:53.186Z] Node Version:  v18.12.1
[debug] [2022-12-23T11:31:53.187Z] Time:          Fri Dec 23 2022 13:31:53 GMT+0200 (Eastern European Standard Time)
[debug] [2022-12-23T11:31:53.187Z] ----------------------------------------------------------------------
[debug] 
[debug] [2022-12-23T11:31:53.191Z] >>> [apiv2][query] GET https://firebase-public.firebaseio.com/cli.json [none]
[debug] [2022-12-23T11:31:53.353Z] > command requires scopes: ["email","openid","https://www.googleapis.com/auth/cloudplatformprojects.readonly","https://www.googleapis.com/auth/firebase","https://www.googleapis.com/auth/cloud-platform"]
[debug] [2022-12-23T11:31:53.354Z] > authorizing via signed-in user (aborassis97@gmail.com)
[info] 
     ######## #### ########  ######## ########     ###     ######  ########
     ##        ##  ##     ## ##       ##     ##  ##   ##  ##       ##
     ######    ##  ########  ######   ########  #########  ######  ######
     ##        ##  ##    ##  ##       ##     ## ##     ##       ## ##
     ##       #### ##     ## ######## ########  ##     ##  ######  ########

You're about to initialize a Firebase project in this directory:

  H:\frontEnd2\angular\final-project

Before we get started, keep in mind:

  * You are initializing within an existing Firebase project directory

[debug] [2022-12-23T11:31:54.119Z] <<< [apiv2][status] GET https://firebase-public.firebaseio.com/cli.json 200
[debug] [2022-12-23T11:31:54.120Z] <<< [apiv2][body] GET https://firebase-public.firebaseio.com/cli.json {"cloudBuildErrorAfter":1594252800000,"cloudBuildWarnAfter":1590019200000,"defaultNode10After":1594252800000,"minVersion":"3.0.5","node8DeploysDisabledAfter":1613390400000,"node8RuntimeDisabledAfter":1615809600000,"node8WarnAfter":1600128000000}
[info] 
=== Project Setup
[info] 
[info] First, let's associate this project directory with a Firebase project.
[info] You can create multiple project aliases by running firebase use --add, 
[info] but for now we'll just set up a default project.
[info] 
[debug] [2022-12-23T11:32:18.025Z] > refreshing access token with scopes: []
[debug] [2022-12-23T11:32:18.028Z] >>> [apiv2][query] POST https://www.googleapis.com/oauth2/v3/token [none]
[debug] [2022-12-23T11:32:18.028Z] >>> [apiv2][body] POST https://www.googleapis.com/oauth2/v3/token [omitted]
[debug] [2022-12-23T11:32:18.688Z] <<< [apiv2][status] POST https://www.googleapis.com/oauth2/v3/token 200
[debug] [2022-12-23T11:32:18.689Z] <<< [apiv2][body] POST https://www.googleapis.com/oauth2/v3/token [omitted]
[debug] [2022-12-23T11:32:18.705Z] >>> [apiv2][query] GET https://firebase.googleapis.com/v1beta1/projects pageSize=100
[debug] [2022-12-23T11:32:19.692Z] <<< [apiv2][status] GET https://firebase.googleapis.com/v1beta1/projects 200
[debug] [2022-12-23T11:32:19.692Z] <<< [apiv2][body] GET https://firebase.googleapis.com/v1beta1/projects [omitted]
[info] i  Using project final-project-4930a (final-project) 
[info] 
=== Hosting Setup
[debug] [2022-12-23T11:32:42.937Z] Error: Unable to determine format for workspace path.
    at Object.readWorkspace (H:\frontEnd2\angular\final-project\node_modules\@angular-devkit\core\src\workspace\core.js:86:15)
    at async getContext (C:\Users\HP\AppData\Roaming\npm\node_modules\firebase-tools\lib\frameworks\angular\index.js:147:27)
    at async discover (C:\Users\HP\AppData\Roaming\npm\node_modules\firebase-tools\lib\frameworks\angular\index.js:22:30)
    at async discover (C:\Users\HP\AppData\Roaming\npm\node_modules\firebase-tools\lib\frameworks\index.js:77:32)
    at async doSetup (C:\Users\HP\AppData\Roaming\npm\node_modules\firebase-tools\lib\init\features\hosting\index.js:54:31)
    at async init (C:\Users\HP\AppData\Roaming\npm\node_modules\firebase-tools\lib\init\index.js:36:9)
[error] 
[error] Error: An unexpected error has occurred.
